app/build/intermediates/manifest_merge_blame_file/debug/processDebugMainManifest/manifest-merger-blame-debug-report.txt
1<?xml version="1.0" encoding="utf-8"?>
2<manifest xmlns:android="http://schemas.android.com/apk/res/android"
3    package="com.example.weathercompose"
4    android:versionCode="1"
5    android:versionName="1.0" >
6
7    <uses-sdk
8        android:minSdkVersion="28"
9        android:targetSdkVersion="34" />
10
11    <uses-permission android:name="android.permission.INTERNET" />
11-->src/main/AndroidManifest.xml:5:5-67
11-->src/main/AndroidManifest.xml:5:22-64
12    <!-- Required for foreground services on P+. -->
13    <uses-permission android:name="android.permission.FOREGROUND_SERVICE" />
13-->src/main/AndroidManifest.xml:7:5-77
13-->src/main/AndroidManifest.xml:7:22-74
14
15    <!-- TODO: Step 1.0, Review Permissions: Specify permissions you are using. -->
16    <uses-permission android:name="android.permission.ACCESS_FINE_LOCATION" />
16-->src/main/AndroidManifest.xml:10:5-11:45
16-->src/main/AndroidManifest.xml:10:22-76
17    <uses-permission android:name="android.permission.POST_NOTIFICATIONS" />
17-->src/main/AndroidManifest.xml:13:5-77
17-->src/main/AndroidManifest.xml:13:22-74
18    <uses-permission android:name="android.permission.WAKE_LOCK" />
18-->[androidx.work:work-runtime:2.7.1] AndroidManifest.xml:25:5-68
18-->[androidx.work:work-runtime:2.7.1] AndroidManifest.xml:25:22-65
19    <uses-permission android:name="android.permission.ACCESS_NETWORK_STATE" />
19-->[androidx.work:work-runtime:2.7.1] AndroidManifest.xml:26:5-79
19-->[androidx.work:work-runtime:2.7.1] AndroidManifest.xml:26:22-76
20    <uses-permission android:name="android.permission.RECEIVE_BOOT_COMPLETED" />
20-->[androidx.work:work-runtime:2.7.1] AndroidManifest.xml:27:5-81
20-->[androidx.work:work-runtime:2.7.1] AndroidManifest.xml:27:22-78
21
22    <permission
22-->[androidx.core:core:1.13.1] AndroidManifest.xml:22:5-24:47
23        android:name="com.example.weathercompose.DYNAMIC_RECEIVER_NOT_EXPORTED_PERMISSION"
23-->[androidx.core:core:1.13.1] AndroidManifest.xml:23:9-81
24        android:protectionLevel="signature" />
24-->[androidx.core:core:1.13.1] AndroidManifest.xml:24:9-44
25
26    <uses-permission android:name="com.example.weathercompose.DYNAMIC_RECEIVER_NOT_EXPORTED_PERMISSION" />
26-->[androidx.core:core:1.13.1] AndroidManifest.xml:26:5-97
26-->[androidx.core:core:1.13.1] AndroidManifest.xml:26:22-94
27
28    <application
28-->src/main/AndroidManifest.xml:15:5-53:19
29        android:allowBackup="true"
29-->src/main/AndroidManifest.xml:16:9-35
30        android:appComponentFactory="androidx.core.app.CoreComponentFactory"
30-->[androidx.core:core:1.13.1] AndroidManifest.xml:28:18-86
31        android:dataExtractionRules="@xml/data_extraction_rules"
31-->src/main/AndroidManifest.xml:17:9-65
32        android:debuggable="true"
33        android:extractNativeLibs="false"
34        android:fullBackupContent="@xml/backup_rules"
34-->src/main/AndroidManifest.xml:18:9-54
35        android:icon="@mipmap/ic_launcher"
35-->src/main/AndroidManifest.xml:19:9-43
36        android:label="@string/app_name"
36-->src/main/AndroidManifest.xml:20:9-41
37        android:roundIcon="@mipmap/ic_launcher_round"
37-->src/main/AndroidManifest.xml:21:9-54
38        android:supportsRtl="true"
38-->src/main/AndroidManifest.xml:22:9-35
39        android:testOnly="true"
40        android:theme="@style/Theme.WeatherCompose" >
40-->src/main/AndroidManifest.xml:23:9-52
41        <activity
41-->src/main/AndroidManifest.xml:26:9-36:20
42            android:name="com.example.weathercompose.MainActivity"
42-->src/main/AndroidManifest.xml:27:13-41
43            android:exported="true"
43-->src/main/AndroidManifest.xml:28:13-36
44            android:label="@string/app_name"
44-->src/main/AndroidManifest.xml:29:13-45
45            android:theme="@style/Theme.WeatherCompose" >
45-->src/main/AndroidManifest.xml:30:13-56
46            <intent-filter>
46-->src/main/AndroidManifest.xml:31:13-35:29
47                <action android:name="android.intent.action.MAIN" />
47-->src/main/AndroidManifest.xml:32:17-69
47-->src/main/AndroidManifest.xml:32:25-66
48
49                <category android:name="android.intent.category.LAUNCHER" />
49-->src/main/AndroidManifest.xml:34:17-77
49-->src/main/AndroidManifest.xml:34:27-74
50            </intent-filter>
51        </activity>
52
53        <service
53-->src/main/AndroidManifest.xml:37:9-41:56
54            android:name="com.example.weathercompose.uitl.ForegroundOnlyLocationService"
54-->src/main/AndroidManifest.xml:38:13-63
55            android:enabled="true"
55-->src/main/AndroidManifest.xml:39:13-35
56            android:exported="false"
56-->src/main/AndroidManifest.xml:40:13-37
57            android:foregroundServiceType="location" />
57-->src/main/AndroidManifest.xml:41:13-53
58
59        <receiver
59-->src/main/AndroidManifest.xml:42:9-51:20
60            android:name="com.example.weathercompose.ui.widget.WeatherWidgetReceiver"
60-->src/main/AndroidManifest.xml:43:13-60
61            android:exported="true" >
61-->src/main/AndroidManifest.xml:44:13-36
62            <intent-filter>
62-->src/main/AndroidManifest.xml:45:13-47:29
63                <action android:name="android.appwidget.action.APPWIDGET_UPDATE" />
63-->src/main/AndroidManifest.xml:46:17-84
63-->src/main/AndroidManifest.xml:46:25-81
64            </intent-filter>
65
66            <meta-data
66-->src/main/AndroidManifest.xml:48:13-50:62
67                android:name="android.appwidget.provider"
67-->src/main/AndroidManifest.xml:49:17-58
68                android:resource="@xml/my_app_widget_info" />
68-->src/main/AndroidManifest.xml:50:17-59
69        </receiver>
70
71        <activity
71-->[androidx.glance:glance-appwidget:1.0.0] AndroidManifest.xml:23:9-27:40
72            android:name="androidx.glance.appwidget.action.ActionTrampolineActivity"
72-->[androidx.glance:glance-appwidget:1.0.0] AndroidManifest.xml:24:13-85
73            android:enabled="true"
73-->[androidx.glance:glance-appwidget:1.0.0] AndroidManifest.xml:25:13-35
74            android:excludeFromRecents="true"
74-->[androidx.glance:glance-appwidget:1.0.0] AndroidManifest.xml:26:13-46
75            android:exported="false" />
75-->[androidx.glance:glance-appwidget:1.0.0] AndroidManifest.xml:27:13-37
76        <activity
76-->[androidx.glance:glance-appwidget:1.0.0] AndroidManifest.xml:28:9-35:81
77            android:name="androidx.glance.appwidget.action.InvisibleActionTrampolineActivity"
77-->[androidx.glance:glance-appwidget:1.0.0] AndroidManifest.xml:29:13-94
78            android:enabled="true"
78-->[androidx.glance:glance-appwidget:1.0.0] AndroidManifest.xml:30:13-35
79            android:exported="false"
79-->[androidx.glance:glance-appwidget:1.0.0] AndroidManifest.xml:31:13-37
80            android:launchMode="singleInstance"
80-->[androidx.glance:glance-appwidget:1.0.0] AndroidManifest.xml:32:13-48
81            android:noHistory="true"
81-->[androidx.glance:glance-appwidget:1.0.0] AndroidManifest.xml:33:13-37
82            android:taskAffinity="androidx.glance.appwidget.ListAdapterCallbackTrampoline"
82-->[androidx.glance:glance-appwidget:1.0.0] AndroidManifest.xml:34:13-91
83            android:theme="@style/Widget.Glance.AppWidget.CallbackTrampoline" />
83-->[androidx.glance:glance-appwidget:1.0.0] AndroidManifest.xml:35:13-78
84
85        <receiver
85-->[androidx.glance:glance-appwidget:1.0.0] AndroidManifest.xml:37:9-40:40
86            android:name="androidx.glance.appwidget.action.ActionCallbackBroadcastReceiver"
86-->[androidx.glance:glance-appwidget:1.0.0] AndroidManifest.xml:38:13-92
87            android:enabled="true"
87-->[androidx.glance:glance-appwidget:1.0.0] AndroidManifest.xml:39:13-35
88            android:exported="false" />
88-->[androidx.glance:glance-appwidget:1.0.0] AndroidManifest.xml:40:13-37
89        <receiver
89-->[androidx.glance:glance-appwidget:1.0.0] AndroidManifest.xml:41:9-48:20
90            android:name="androidx.glance.appwidget.MyPackageReplacedReceiver"
90-->[androidx.glance:glance-appwidget:1.0.0] AndroidManifest.xml:42:13-79
91            android:enabled="true"
91-->[androidx.glance:glance-appwidget:1.0.0] AndroidManifest.xml:43:13-35
92            android:exported="false" >
92-->[androidx.glance:glance-appwidget:1.0.0] AndroidManifest.xml:44:13-37
93            <intent-filter>
93-->[androidx.glance:glance-appwidget:1.0.0] AndroidManifest.xml:45:13-47:29
94                <action android:name="android.intent.action.MY_PACKAGE_REPLACED" />
94-->[androidx.glance:glance-appwidget:1.0.0] AndroidManifest.xml:46:17-84
94-->[androidx.glance:glance-appwidget:1.0.0] AndroidManifest.xml:46:25-81
95            </intent-filter>
96        </receiver>
97
98        <service
98-->[androidx.glance:glance-appwidget:1.0.0] AndroidManifest.xml:50:9-53:72
99            android:name="androidx.glance.appwidget.GlanceRemoteViewsService"
99-->[androidx.glance:glance-appwidget:1.0.0] AndroidManifest.xml:51:13-78
100            android:exported="true"
100-->[androidx.glance:glance-appwidget:1.0.0] AndroidManifest.xml:52:13-36
101            android:permission="android.permission.BIND_REMOTEVIEWS" />
101-->[androidx.glance:glance-appwidget:1.0.0] AndroidManifest.xml:53:13-69
102        <service
102-->[androidx.core:core-remoteviews:1.0.0] AndroidManifest.xml:24:9-27:63
103            android:name="androidx.core.widget.RemoteViewsCompatService"
103-->[androidx.core:core-remoteviews:1.0.0] AndroidManifest.xml:25:13-73
104            android:permission="android.permission.BIND_REMOTEVIEWS" />
104-->[androidx.core:core-remoteviews:1.0.0] AndroidManifest.xml:26:13-69
105
106        <activity
106-->[com.google.android.gms:play-services-base:18.3.0] AndroidManifest.xml:20:9-22:45
107            android:name="com.google.android.gms.common.api.GoogleApiActivity"
107-->[com.google.android.gms:play-services-base:18.3.0] AndroidManifest.xml:20:19-85
108            android:exported="false"
108-->[com.google.android.gms:play-services-base:18.3.0] AndroidManifest.xml:22:19-43
109            android:theme="@android:style/Theme.Translucent.NoTitleBar" />
109-->[com.google.android.gms:play-services-base:18.3.0] AndroidManifest.xml:21:19-78
110
111        <meta-data
111-->[com.google.android.gms:play-services-basement:18.3.0] AndroidManifest.xml:21:9-23:69
112            android:name="com.google.android.gms.version"
112-->[com.google.android.gms:play-services-basement:18.3.0] AndroidManifest.xml:22:13-58
113            android:value="@integer/google_play_services_version" />
113-->[com.google.android.gms:play-services-basement:18.3.0] AndroidManifest.xml:23:13-66
114
115        <activity
115-->[androidx.compose.ui:ui-test-manifest:1.6.7] AndroidManifest.xml:23:9-25:39
116            android:name="androidx.activity.ComponentActivity"
116-->[androidx.compose.ui:ui-test-manifest:1.6.7] AndroidManifest.xml:24:13-63
117            android:exported="true" />
117-->[androidx.compose.ui:ui-test-manifest:1.6.7] AndroidManifest.xml:25:13-36
118        <activity
118-->[androidx.compose.ui:ui-tooling-android:1.6.7] AndroidManifest.xml:23:9-25:39
119            android:name="androidx.compose.ui.tooling.PreviewActivity"
119-->[androidx.compose.ui:ui-tooling-android:1.6.7] AndroidManifest.xml:24:13-71
120            android:exported="true" />
120-->[androidx.compose.ui:ui-tooling-android:1.6.7] AndroidManifest.xml:25:13-36
121
122        <provider
122-->[androidx.work:work-runtime:2.7.1] AndroidManifest.xml:31:9-39:20
123            android:name="androidx.startup.InitializationProvider"
123-->[androidx.work:work-runtime:2.7.1] AndroidManifest.xml:32:13-67
124            android:authorities="com.example.weathercompose.androidx-startup"
124-->[androidx.work:work-runtime:2.7.1] AndroidManifest.xml:33:13-68
125            android:exported="false" >
125-->[androidx.work:work-runtime:2.7.1] AndroidManifest.xml:34:13-37
126            <meta-data
126-->[androidx.work:work-runtime:2.7.1] AndroidManifest.xml:36:13-38:52
127                android:name="androidx.work.WorkManagerInitializer"
127-->[androidx.work:work-runtime:2.7.1] AndroidManifest.xml:37:17-68
128                android:value="androidx.startup" />
128-->[androidx.work:work-runtime:2.7.1] AndroidManifest.xml:38:17-49
129            <meta-data
129-->[androidx.emoji2:emoji2:1.3.0] AndroidManifest.xml:29:13-31:52
130                android:name="androidx.emoji2.text.EmojiCompatInitializer"
130-->[androidx.emoji2:emoji2:1.3.0] AndroidManifest.xml:30:17-75
131                android:value="androidx.startup" />
131-->[androidx.emoji2:emoji2:1.3.0] AndroidManifest.xml:31:17-49
132            <meta-data
132-->[androidx.lifecycle:lifecycle-process:2.7.0] AndroidManifest.xml:29:13-31:52
133                android:name="androidx.lifecycle.ProcessLifecycleInitializer"
133-->[androidx.lifecycle:lifecycle-process:2.7.0] AndroidManifest.xml:30:17-78
134                android:value="androidx.startup" />
134-->[androidx.lifecycle:lifecycle-process:2.7.0] AndroidManifest.xml:31:17-49
135            <meta-data
135-->[androidx.profileinstaller:profileinstaller:1.3.1] AndroidManifest.xml:29:13-31:52
136                android:name="androidx.profileinstaller.ProfileInstallerInitializer"
136-->[androidx.profileinstaller:profileinstaller:1.3.1] AndroidManifest.xml:30:17-85
137                android:value="androidx.startup" />
137-->[androidx.profileinstaller:profileinstaller:1.3.1] AndroidManifest.xml:31:17-49
138        </provider>
139
140        <service
140-->[androidx.work:work-runtime:2.7.1] AndroidManifest.xml:41:9-46:35
141            android:name="androidx.work.impl.background.systemalarm.SystemAlarmService"
141-->[androidx.work:work-runtime:2.7.1] AndroidManifest.xml:42:13-88
142            android:directBootAware="false"
142-->[androidx.work:work-runtime:2.7.1] AndroidManifest.xml:43:13-44
143            android:enabled="@bool/enable_system_alarm_service_default"
143-->[androidx.work:work-runtime:2.7.1] AndroidManifest.xml:44:13-72
144            android:exported="false" />
144-->[androidx.work:work-runtime:2.7.1] AndroidManifest.xml:45:13-37
145        <service
145-->[androidx.work:work-runtime:2.7.1] AndroidManifest.xml:47:9-53:35
146            android:name="androidx.work.impl.background.systemjob.SystemJobService"
146-->[androidx.work:work-runtime:2.7.1] AndroidManifest.xml:48:13-84
147            android:directBootAware="false"
147-->[androidx.work:work-runtime:2.7.1] AndroidManifest.xml:49:13-44
148            android:enabled="@bool/enable_system_job_service_default"
148-->[androidx.work:work-runtime:2.7.1] AndroidManifest.xml:50:13-70
149            android:exported="true"
149-->[androidx.work:work-runtime:2.7.1] AndroidManifest.xml:51:13-36
150            android:permission="android.permission.BIND_JOB_SERVICE" />
150-->[androidx.work:work-runtime:2.7.1] AndroidManifest.xml:52:13-69
151        <service
151-->[androidx.work:work-runtime:2.7.1] AndroidManifest.xml:54:9-59:35
152            android:name="androidx.work.impl.foreground.SystemForegroundService"
152-->[androidx.work:work-runtime:2.7.1] AndroidManifest.xml:55:13-81
153            android:directBootAware="false"
153-->[androidx.work:work-runtime:2.7.1] AndroidManifest.xml:56:13-44
154            android:enabled="@bool/enable_system_foreground_service_default"
154-->[androidx.work:work-runtime:2.7.1] AndroidManifest.xml:57:13-77
155            android:exported="false" />
155-->[androidx.work:work-runtime:2.7.1] AndroidManifest.xml:58:13-37
156
157        <receiver
157-->[androidx.work:work-runtime:2.7.1] AndroidManifest.xml:61:9-66:35
158            android:name="androidx.work.impl.utils.ForceStopRunnable$BroadcastReceiver"
158-->[androidx.work:work-runtime:2.7.1] AndroidManifest.xml:62:13-88
159            android:directBootAware="false"
159-->[androidx.work:work-runtime:2.7.1] AndroidManifest.xml:63:13-44
160            android:enabled="true"
160-->[androidx.work:work-runtime:2.7.1] AndroidManifest.xml:64:13-35
161            android:exported="false" />
161-->[androidx.work:work-runtime:2.7.1] AndroidManifest.xml:65:13-37
162        <receiver
162-->[androidx.work:work-runtime:2.7.1] AndroidManifest.xml:67:9-77:20
163            android:name="androidx.work.impl.background.systemalarm.ConstraintProxy$BatteryChargingProxy"
163-->[androidx.work:work-runtime:2.7.1] AndroidManifest.xml:68:13-106
164            android:directBootAware="false"
164-->[androidx.work:work-runtime:2.7.1] AndroidManifest.xml:69:13-44
165            android:enabled="false"
165-->[androidx.work:work-runtime:2.7.1] AndroidManifest.xml:70:13-36
166            android:exported="false" >
166-->[androidx.work:work-runtime:2.7.1] AndroidManifest.xml:71:13-37
167            <intent-filter>
167-->[androidx.work:work-runtime:2.7.1] AndroidManifest.xml:73:13-76:29
168                <action android:name="android.intent.action.ACTION_POWER_CONNECTED" />
168-->[androidx.work:work-runtime:2.7.1] AndroidManifest.xml:74:17-87
168-->[androidx.work:work-runtime:2.7.1] AndroidManifest.xml:74:25-84
169                <action android:name="android.intent.action.ACTION_POWER_DISCONNECTED" />
169-->[androidx.work:work-runtime:2.7.1] AndroidManifest.xml:75:17-90
169-->[androidx.work:work-runtime:2.7.1] AndroidManifest.xml:75:25-87
170            </intent-filter>
171        </receiver>
172        <receiver
172-->[androidx.work:work-runtime:2.7.1] AndroidManifest.xml:78:9-88:20
173            android:name="androidx.work.impl.background.systemalarm.ConstraintProxy$BatteryNotLowProxy"
173-->[androidx.work:work-runtime:2.7.1] AndroidManifest.xml:79:13-104
174            android:directBootAware="false"
174-->[androidx.work:work-runtime:2.7.1] AndroidManifest.xml:80:13-44
175            android:enabled="false"
175-->[androidx.work:work-runtime:2.7.1] AndroidManifest.xml:81:13-36
176            android:exported="false" >
176-->[androidx.work:work-runtime:2.7.1] AndroidManifest.xml:82:13-37
177            <intent-filter>
177-->[androidx.work:work-runtime:2.7.1] AndroidManifest.xml:84:13-87:29
178                <action android:name="android.intent.action.BATTERY_OKAY" />
178-->[androidx.work:work-runtime:2.7.1] AndroidManifest.xml:85:17-77
178-->[androidx.work:work-runtime:2.7.1] AndroidManifest.xml:85:25-74
179                <action android:name="android.intent.action.BATTERY_LOW" />
179-->[androidx.work:work-runtime:2.7.1] AndroidManifest.xml:86:17-76
179-->[androidx.work:work-runtime:2.7.1] AndroidManifest.xml:86:25-73
180            </intent-filter>
181        </receiver>
182        <receiver
182-->[androidx.work:work-runtime:2.7.1] AndroidManifest.xml:89:9-99:20
183            android:name="androidx.work.impl.background.systemalarm.ConstraintProxy$StorageNotLowProxy"
183-->[androidx.work:work-runtime:2.7.1] AndroidManifest.xml:90:13-104
184            android:directBootAware="false"
184-->[androidx.work:work-runtime:2.7.1] AndroidManifest.xml:91:13-44
185            android:enabled="false"
185-->[androidx.work:work-runtime:2.7.1] AndroidManifest.xml:92:13-36
186            android:exported="false" >
186-->[androidx.work:work-runtime:2.7.1] AndroidManifest.xml:93:13-37
187            <intent-filter>
187-->[androidx.work:work-runtime:2.7.1] AndroidManifest.xml:95:13-98:29
188                <action android:name="android.intent.action.DEVICE_STORAGE_LOW" />
188-->[androidx.work:work-runtime:2.7.1] AndroidManifest.xml:96:17-83
188-->[androidx.work:work-runtime:2.7.1] AndroidManifest.xml:96:25-80
189                <action android:name="android.intent.action.DEVICE_STORAGE_OK" />
189-->[androidx.work:work-runtime:2.7.1] AndroidManifest.xml:97:17-82
189-->[androidx.work:work-runtime:2.7.1] AndroidManifest.xml:97:25-79
190            </intent-filter>
191        </receiver>
192        <receiver
192-->[androidx.work:work-runtime:2.7.1] AndroidManifest.xml:100:9-109:20
193            android:name="androidx.work.impl.background.systemalarm.ConstraintProxy$NetworkStateProxy"
193-->[androidx.work:work-runtime:2.7.1] AndroidManifest.xml:101:13-103
194            android:directBootAware="false"
194-->[androidx.work:work-runtime:2.7.1] AndroidManifest.xml:102:13-44
195            android:enabled="false"
195-->[androidx.work:work-runtime:2.7.1] AndroidManifest.xml:103:13-36
196            android:exported="false" >
196-->[androidx.work:work-runtime:2.7.1] AndroidManifest.xml:104:13-37
197            <intent-filter>
197-->[androidx.work:work-runtime:2.7.1] AndroidManifest.xml:106:13-108:29
198                <action android:name="android.net.conn.CONNECTIVITY_CHANGE" />
198-->[androidx.work:work-runtime:2.7.1] AndroidManifest.xml:107:17-79
198-->[androidx.work:work-runtime:2.7.1] AndroidManifest.xml:107:25-76
199            </intent-filter>
200        </receiver>
201        <receiver
201-->[androidx.work:work-runtime:2.7.1] AndroidManifest.xml:110:9-121:20
202            android:name="androidx.work.impl.background.systemalarm.RescheduleReceiver"
202-->[androidx.work:work-runtime:2.7.1] AndroidManifest.xml:111:13-88
203            android:directBootAware="false"
203-->[androidx.work:work-runtime:2.7.1] AndroidManifest.xml:112:13-44
204            android:enabled="false"
204-->[androidx.work:work-runtime:2.7.1] AndroidManifest.xml:113:13-36
205            android:exported="false" >
205-->[androidx.work:work-runtime:2.7.1] AndroidManifest.xml:114:13-37
206            <intent-filter>
206-->[androidx.work:work-runtime:2.7.1] AndroidManifest.xml:116:13-120:29
207                <action android:name="android.intent.action.BOOT_COMPLETED" />
207-->[androidx.work:work-runtime:2.7.1] AndroidManifest.xml:117:17-79
207-->[androidx.work:work-runtime:2.7.1] AndroidManifest.xml:117:25-76
208                <action android:name="android.intent.action.TIME_SET" />
208-->[androidx.work:work-runtime:2.7.1] AndroidManifest.xml:118:17-73
208-->[androidx.work:work-runtime:2.7.1] AndroidManifest.xml:118:25-70
209                <action android:name="android.intent.action.TIMEZONE_CHANGED" />
209-->[androidx.work:work-runtime:2.7.1] AndroidManifest.xml:119:17-81
209-->[androidx.work:work-runtime:2.7.1] AndroidManifest.xml:119:25-78
210            </intent-filter>
211        </receiver>
212        <receiver
212-->[androidx.work:work-runtime:2.7.1] AndroidManifest.xml:122:9-131:20
213            android:name="androidx.work.impl.background.systemalarm.ConstraintProxyUpdateReceiver"
213-->[androidx.work:work-runtime:2.7.1] AndroidManifest.xml:123:13-99
214            android:directBootAware="false"
214-->[androidx.work:work-runtime:2.7.1] AndroidManifest.xml:124:13-44
215            android:enabled="@bool/enable_system_alarm_service_default"
215-->[androidx.work:work-runtime:2.7.1] AndroidManifest.xml:125:13-72
216            android:exported="false" >
216-->[androidx.work:work-runtime:2.7.1] AndroidManifest.xml:126:13-37
217            <intent-filter>
217-->[androidx.work:work-runtime:2.7.1] AndroidManifest.xml:128:13-130:29
218                <action android:name="androidx.work.impl.background.systemalarm.UpdateProxies" />
218-->[androidx.work:work-runtime:2.7.1] AndroidManifest.xml:129:17-98
218-->[androidx.work:work-runtime:2.7.1] AndroidManifest.xml:129:25-95
219            </intent-filter>
220        </receiver>
221        <receiver
221-->[androidx.work:work-runtime:2.7.1] AndroidManifest.xml:132:9-142:20
222            android:name="androidx.work.impl.diagnostics.DiagnosticsReceiver"
222-->[androidx.work:work-runtime:2.7.1] AndroidManifest.xml:133:13-78
223            android:directBootAware="false"
223-->[androidx.work:work-runtime:2.7.1] AndroidManifest.xml:134:13-44
224            android:enabled="true"
224-->[androidx.work:work-runtime:2.7.1] AndroidManifest.xml:135:13-35
225            android:exported="true"
225-->[androidx.work:work-runtime:2.7.1] AndroidManifest.xml:136:13-36
226            android:permission="android.permission.DUMP" >
226-->[androidx.work:work-runtime:2.7.1] AndroidManifest.xml:137:13-57
227            <intent-filter>
227-->[androidx.work:work-runtime:2.7.1] AndroidManifest.xml:139:13-141:29
228                <action android:name="androidx.work.diagnostics.REQUEST_DIAGNOSTICS" />
228-->[androidx.work:work-runtime:2.7.1] AndroidManifest.xml:140:17-88
228-->[androidx.work:work-runtime:2.7.1] AndroidManifest.xml:140:25-85
229            </intent-filter>
230        </receiver>
231
232        <service
232-->[androidx.room:room-runtime:2.2.5] AndroidManifest.xml:25:9-28:40
233            android:name="androidx.room.MultiInstanceInvalidationService"
233-->[androidx.room:room-runtime:2.2.5] AndroidManifest.xml:26:13-74
234            android:directBootAware="true"
234-->[androidx.room:room-runtime:2.2.5] AndroidManifest.xml:27:13-43
235            android:exported="false" />
235-->[androidx.room:room-runtime:2.2.5] AndroidManifest.xml:28:13-37
236
237        <receiver
237-->[androidx.profileinstaller:profileinstaller:1.3.1] AndroidManifest.xml:34:9-52:20
238            android:name="androidx.profileinstaller.ProfileInstallReceiver"
238-->[androidx.profileinstaller:profileinstaller:1.3.1] AndroidManifest.xml:35:13-76
239            android:directBootAware="false"
239-->[androidx.profileinstaller:profileinstaller:1.3.1] AndroidManifest.xml:36:13-44
240            android:enabled="true"
240-->[androidx.profileinstaller:profileinstaller:1.3.1] AndroidManifest.xml:37:13-35
241            android:exported="true"
241-->[androidx.profileinstaller:profileinstaller:1.3.1] AndroidManifest.xml:38:13-36
242            android:permission="android.permission.DUMP" >
242-->[androidx.profileinstaller:profileinstaller:1.3.1] AndroidManifest.xml:39:13-57
243            <intent-filter>
243-->[androidx.profileinstaller:profileinstaller:1.3.1] AndroidManifest.xml:40:13-42:29
244                <action android:name="androidx.profileinstaller.action.INSTALL_PROFILE" />
244-->[androidx.profileinstaller:profileinstaller:1.3.1] AndroidManifest.xml:41:17-91
244-->[androidx.profileinstaller:profileinstaller:1.3.1] AndroidManifest.xml:41:25-88
245            </intent-filter>
246            <intent-filter>
246-->[androidx.profileinstaller:profileinstaller:1.3.1] AndroidManifest.xml:43:13-45:29
247                <action android:name="androidx.profileinstaller.action.SKIP_FILE" />
247-->[androidx.profileinstaller:profileinstaller:1.3.1] AndroidManifest.xml:44:17-85
247-->[androidx.profileinstaller:profileinstaller:1.3.1] AndroidManifest.xml:44:25-82
248            </intent-filter>
249            <intent-filter>
249-->[androidx.profileinstaller:profileinstaller:1.3.1] AndroidManifest.xml:46:13-48:29
250                <action android:name="androidx.profileinstaller.action.SAVE_PROFILE" />
250-->[androidx.profileinstaller:profileinstaller:1.3.1] AndroidManifest.xml:47:17-88
250-->[androidx.profileinstaller:profileinstaller:1.3.1] AndroidManifest.xml:47:25-85
251            </intent-filter>
252            <intent-filter>
252-->[androidx.profileinstaller:profileinstaller:1.3.1] AndroidManifest.xml:49:13-51:29
253                <action android:name="androidx.profileinstaller.action.BENCHMARK_OPERATION" />
253-->[androidx.profileinstaller:profileinstaller:1.3.1] AndroidManifest.xml:50:17-95
253-->[androidx.profileinstaller:profileinstaller:1.3.1] AndroidManifest.xml:50:25-92
254            </intent-filter>
255        </receiver>
256    </application>
257
258</manifest>